Using pre-set license
Built from '2020.3/staging' branch; Version is '2020.3.11f1 (99c7afb366b3) revision 10078127'; Using compiler version '192528614'; Build Type 'Release'
OS: 'Windows 10 Education; OS build 19042.1165; Version 2009; 64bit' Language: 'en' Physical Memory: 16307 MB
BatchMode: 1, IsHumanControllingUs: 0, StartBugReporterOnCrash: 0, Is64bit: 1, IsPro: 0

 COMMAND LINE ARGUMENTS:
C:\Program Files\Unity\Hub\Editor\2020.3.11f1\Editor\Unity.exe
-adb2
-batchMode
-noUpm
-name
AssetImportWorker0
-projectPath
E:/Uni/2021 Semester 2/Graphics and Interaction/Project 2/project2-project2_group_27/bullet-hell
-logFile
Logs/AssetImportWorker0.log
-srvPort
54986
Successfully changed project path to: E:/Uni/2021 Semester 2/Graphics and Interaction/Project 2/project2-project2_group_27/bullet-hell
E:/Uni/2021 Semester 2/Graphics and Interaction/Project 2/project2-project2_group_27/bullet-hell
Using Asset Import Pipeline V2.
Refreshing native plugins compatible for Editor in 25.11 ms, found 2 plugins.
Preloading 0 native plugins for Editor in 0.00 ms.
Initialize engine version: 2020.3.11f1 (99c7afb366b3)
[Subsystems] Discovering subsystems at path C:/Program Files/Unity/Hub/Editor/2020.3.11f1/Editor/Data/Resources/UnitySubsystems
[Subsystems] Discovering subsystems at path E:/Uni/2021 Semester 2/Graphics and Interaction/Project 2/project2-project2_group_27/bullet-hell/Assets
GfxDevice: creating device client; threaded=0
Direct3D:
    Version:  Direct3D 11.0 [level 11.1]
    Renderer: NVIDIA GeForce RTX 3070 (ID=0x2484)
    Vendor:   
    VRAM:     8043 MB
    Driver:   30.0.14.7141
Initialize mono
Mono path[0] = 'C:/Program Files/Unity/Hub/Editor/2020.3.11f1/Editor/Data/Managed'
Mono path[1] = 'C:/Program Files/Unity/Hub/Editor/2020.3.11f1/Editor/Data/MonoBleedingEdge/lib/mono/unityjit'
Mono config path = 'C:/Program Files/Unity/Hub/Editor/2020.3.11f1/Editor/Data/MonoBleedingEdge/etc'
Using monoOptions --debugger-agent=transport=dt_socket,embedding=1,server=y,suspend=n,address=127.0.0.1:56204
Begin MonoManager ReloadAssembly
Registering precompiled unity dll's ...
Register platform support module: C:/Program Files/Unity/Hub/Editor/2020.3.11f1/Editor/Data/PlaybackEngines/WindowsStandaloneSupport/UnityEditor.WindowsStandalone.Extensions.dll
Registered in 0.001758 seconds.
Native extension for WindowsStandalone target not found
Refreshing native plugins compatible for Editor in 25.54 ms, found 2 plugins.
Preloading 0 native plugins for Editor in 0.00 ms.
Mono: successfully reloaded assembly
- Completed reload, in  0.919 seconds
Platform modules already initialized, skipping
Registering precompiled user dll's ...
Registered in 0.002347 seconds.
Begin MonoManager ReloadAssembly
Native extension for WindowsStandalone target not found
Refreshing native plugins compatible for Editor in 0.30 ms, found 2 plugins.
Preloading 0 native plugins for Editor in 0.00 ms.
Mono: successfully reloaded assembly
- Completed reload, in  0.869 seconds
Platform modules already initialized, skipping
========================================================================
Worker process is ready to serve import requests
Launched and connected shader compiler UnityShaderCompiler.exe after 0.04 seconds
Refreshing native plugins compatible for Editor in 0.29 ms, found 2 plugins.
Preloading 0 native plugins for Editor in 0.00 ms.
Unloading 1386 Unused Serialized files (Serialized files now loaded: 0)
System memory in use before: 65.2 MB.
System memory in use after: 65.2 MB.

Unloading 19 unused Assets to reduce memory usage. Loaded Objects now: 1819.
Total: 1.894400 ms (FindLiveObjects: 0.120600 ms CreateObjectMapping: 0.029800 ms MarkObjects: 1.637600 ms  DeleteObjects: 0.105100 ms)

========================================================================
Received Import Request.
  path: Assets
  artifactKey: Guid(00000000000000001000000000000000) Importer(815301076,1909f56bfc062723c751e8b465ee728b)
Start importing Assets using Guid(00000000000000001000000000000000) Importer(815301076,1909f56bfc062723c751e8b465ee728b)  -> (artifact id: '42d402b061de3733987d63b9cc3b64de') in 0.007467 seconds
  Import took 0.009430 seconds .

========================================================================
Received Import Request.
  Time since last request: 0.000170 seconds.
  path: Assets/Scenes
  artifactKey: Guid(44573c18d9a019b4fb8e8c7fd8b74755) Importer(815301076,1909f56bfc062723c751e8b465ee728b)
Start importing Assets/Scenes using Guid(44573c18d9a019b4fb8e8c7fd8b74755) Importer(815301076,1909f56bfc062723c751e8b465ee728b)  -> (artifact id: '9fa9eaaf98962948d3511d6051799e28') in 0.006262 seconds
  Import took 0.008318 seconds .

========================================================================
Received Import Request.
  Time since last request: 2.997974 seconds.
  path: Assets/Scripts
  artifactKey: Guid(3ede0d3132dd9254e8b229c0dc5d508c) Importer(815301076,1909f56bfc062723c751e8b465ee728b)
Start importing Assets/Scripts using Guid(3ede0d3132dd9254e8b229c0dc5d508c) Importer(815301076,1909f56bfc062723c751e8b465ee728b)  -> (artifact id: '3618e8e124dfc0050d7f787ba318f46b') in 0.006345 seconds
  Import took 0.008492 seconds .

========================================================================
Received Import Request.
  Time since last request: 0.001356 seconds.
  path: Assets/Scripts
  artifactKey: Guid(3ede0d3132dd9254e8b229c0dc5d508c) Importer(815301076,1909f56bfc062723c751e8b465ee728b)
Start importing Assets/Scripts using Guid(3ede0d3132dd9254e8b229c0dc5d508c) Importer(815301076,1909f56bfc062723c751e8b465ee728b)  -> (artifact id: '3618e8e124dfc0050d7f787ba318f46b') in 0.002745 seconds
  Import took 0.004612 seconds .

========================================================================
Received Import Request.
  Time since last request: 33.502651 seconds.
  path: Assets/Scripts/PlayerScript.cs
  artifactKey: Guid(c3aea67f00520b940aaf5fbba4032177) Importer(815301076,1909f56bfc062723c751e8b465ee728b)
Start importing Assets/Scripts/PlayerScript.cs using Guid(c3aea67f00520b940aaf5fbba4032177) Importer(815301076,1909f56bfc062723c751e8b465ee728b)  -> (artifact id: '337ad22eddee057c2329f307958333bf') in 0.032786 seconds
  Import took 0.035165 seconds .

========================================================================
Received Prepare
Registering precompiled user dll's ...
Registered in 0.002300 seconds.
Begin MonoManager ReloadAssembly
Native extension for WindowsStandalone target not found
Refreshing native plugins compatible for Editor in 0.31 ms, found 2 plugins.
Preloading 0 native plugins for Editor in 0.00 ms.
Mono: successfully reloaded assembly
- Completed reload, in  0.809 seconds
Platform modules already initialized, skipping
Refreshing native plugins compatible for Editor in 0.29 ms, found 2 plugins.
Preloading 0 native plugins for Editor in 0.00 ms.
Unloading 1382 Unused Serialized files (Serialized files now loaded: 0)
System memory in use before: 65.2 MB.
System memory in use after: 65.2 MB.

Unloading 14 unused Assets to reduce memory usage. Loaded Objects now: 1823.
Total: 1.842100 ms (FindLiveObjects: 0.217500 ms CreateObjectMapping: 0.040700 ms MarkObjects: 1.534700 ms  DeleteObjects: 0.048400 ms)

========================================================================
Received Prepare
Registering precompiled user dll's ...
Registered in 0.002499 seconds.
Begin MonoManager ReloadAssembly
Native extension for WindowsStandalone target not found
Refreshing native plugins compatible for Editor in 0.31 ms, found 2 plugins.
Preloading 0 native plugins for Editor in 0.00 ms.
Mono: successfully reloaded assembly
- Completed reload, in  0.783 seconds
Platform modules already initialized, skipping
Refreshing native plugins compatible for Editor in 0.29 ms, found 2 plugins.
Preloading 0 native plugins for Editor in 0.00 ms.
Unloading 1382 Unused Serialized files (Serialized files now loaded: 0)
System memory in use before: 65.2 MB.
System memory in use after: 65.3 MB.

Unloading 14 unused Assets to reduce memory usage. Loaded Objects now: 1826.
Total: 1.585500 ms (FindLiveObjects: 0.182000 ms CreateObjectMapping: 0.027900 ms MarkObjects: 1.334300 ms  DeleteObjects: 0.040500 ms)

========================================================================
Received Import Request.
  Time since last request: 519.420693 seconds.
  path: Assets/Scripts/PlayerScript.cs
  artifactKey: Guid(c3aea67f00520b940aaf5fbba4032177) Importer(815301076,1909f56bfc062723c751e8b465ee728b)
Start importing Assets/Scripts/PlayerScript.cs using Guid(c3aea67f00520b940aaf5fbba4032177) Importer(815301076,1909f56bfc062723c751e8b465ee728b)  -> (artifact id: '4cff99e6ebe258b181013beb6a2571d1') in 0.003512 seconds
  Import took 0.005435 seconds .

========================================================================
Received Prepare
Registering precompiled user dll's ...
Registered in 0.002367 seconds.
Begin MonoManager ReloadAssembly
Native extension for WindowsStandalone target not found
Refreshing native plugins compatible for Editor in 0.31 ms, found 2 plugins.
Preloading 0 native plugins for Editor in 0.00 ms.
Mono: successfully reloaded assembly
- Completed reload, in  0.750 seconds
Platform modules already initialized, skipping
Refreshing native plugins compatible for Editor in 0.29 ms, found 2 plugins.
Preloading 0 native plugins for Editor in 0.00 ms.
Unloading 1382 Unused Serialized files (Serialized files now loaded: 0)
System memory in use before: 65.2 MB.
System memory in use after: 65.3 MB.

Unloading 14 unused Assets to reduce memory usage. Loaded Objects now: 1829.
Total: 1.497200 ms (FindLiveObjects: 0.118900 ms CreateObjectMapping: 0.028800 ms MarkObjects: 1.306900 ms  DeleteObjects: 0.042000 ms)

========================================================================
Received Prepare
Registering precompiled user dll's ...
Registered in 0.002034 seconds.
Begin MonoManager ReloadAssembly
Native extension for WindowsStandalone target not found
Refreshing native plugins compatible for Editor in 0.29 ms, found 2 plugins.
Preloading 0 native plugins for Editor in 0.00 ms.
Mono: successfully reloaded assembly
- Completed reload, in  0.768 seconds
Platform modules already initialized, skipping
Refreshing native plugins compatible for Editor in 0.42 ms, found 2 plugins.
Preloading 0 native plugins for Editor in 0.00 ms.
Unloading 1382 Unused Serialized files (Serialized files now loaded: 0)
System memory in use before: 65.2 MB.
System memory in use after: 65.3 MB.

Unloading 14 unused Assets to reduce memory usage. Loaded Objects now: 1832.
Total: 1.667600 ms (FindLiveObjects: 0.153800 ms CreateObjectMapping: 0.030600 ms MarkObjects: 1.432200 ms  DeleteObjects: 0.050200 ms)

========================================================================
Received Prepare
Registering precompiled user dll's ...
Registered in 0.002055 seconds.
Begin MonoManager ReloadAssembly
Native extension for WindowsStandalone target not found
Refreshing native plugins compatible for Editor in 0.31 ms, found 2 plugins.
Preloading 0 native plugins for Editor in 0.00 ms.
Mono: successfully reloaded assembly
- Completed reload, in  0.781 seconds
Platform modules already initialized, skipping
Refreshing native plugins compatible for Editor in 0.29 ms, found 2 plugins.
Preloading 0 native plugins for Editor in 0.00 ms.
Unloading 1382 Unused Serialized files (Serialized files now loaded: 0)
System memory in use before: 65.2 MB.
System memory in use after: 65.3 MB.

Unloading 14 unused Assets to reduce memory usage. Loaded Objects now: 1835.
Total: 1.584900 ms (FindLiveObjects: 0.148300 ms CreateObjectMapping: 0.028300 ms MarkObjects: 1.363100 ms  DeleteObjects: 0.044200 ms)

========================================================================
Received Prepare
Registering precompiled user dll's ...
Registered in 0.002101 seconds.
Begin MonoManager ReloadAssembly
Native extension for WindowsStandalone target not found
Refreshing native plugins compatible for Editor in 0.30 ms, found 2 plugins.
Preloading 0 native plugins for Editor in 0.00 ms.
Mono: successfully reloaded assembly
- Completed reload, in  0.757 seconds
Platform modules already initialized, skipping
Refreshing native plugins compatible for Editor in 0.27 ms, found 2 plugins.
Preloading 0 native plugins for Editor in 0.00 ms.
Unloading 1382 Unused Serialized files (Serialized files now loaded: 0)
System memory in use before: 65.2 MB.
System memory in use after: 65.3 MB.

Unloading 14 unused Assets to reduce memory usage. Loaded Objects now: 1838.
Total: 1.681500 ms (FindLiveObjects: 0.144200 ms CreateObjectMapping: 0.032000 ms MarkObjects: 1.454100 ms  DeleteObjects: 0.050100 ms)

========================================================================
Received Prepare
Registering precompiled user dll's ...
Registered in 0.002606 seconds.
Begin MonoManager ReloadAssembly
Native extension for WindowsStandalone target not found
Refreshing native plugins compatible for Editor in 0.34 ms, found 2 plugins.
Preloading 0 native plugins for Editor in 0.00 ms.
Mono: successfully reloaded assembly
- Completed reload, in  0.839 seconds
Platform modules already initialized, skipping
Refreshing native plugins compatible for Editor in 0.44 ms, found 2 plugins.
Preloading 0 native plugins for Editor in 0.00 ms.
Unloading 1382 Unused Serialized files (Serialized files now loaded: 0)
System memory in use before: 65.2 MB.
System memory in use after: 65.3 MB.

Unloading 14 unused Assets to reduce memory usage. Loaded Objects now: 1841.
Total: 1.949000 ms (FindLiveObjects: 0.161600 ms CreateObjectMapping: 0.031000 ms MarkObjects: 1.706700 ms  DeleteObjects: 0.048200 ms)

========================================================================
Received Import Request.
  Time since last request: 276.905691 seconds.
  path: Assets/Materials
  artifactKey: Guid(bda1f7cb781cf4c41b57d9acdbdee700) Importer(815301076,1909f56bfc062723c751e8b465ee728b)
Start importing Assets/Materials using Guid(bda1f7cb781cf4c41b57d9acdbdee700) Importer(815301076,1909f56bfc062723c751e8b465ee728b)  -> (artifact id: '28ffbc303214ae568e258a227b513ae7') in 0.007736 seconds
  Import took 0.010232 seconds .

========================================================================
Received Import Request.
  Time since last request: 12.272542 seconds.
  path: Assets/Materials/PlayerMat.mat
  artifactKey: Guid(06b4f2c894bcc18418aab9f9cf7a5c3c) Importer(815301076,1909f56bfc062723c751e8b465ee728b)
Start importing Assets/Materials/PlayerMat.mat using Guid(06b4f2c894bcc18418aab9f9cf7a5c3c) Importer(815301076,1909f56bfc062723c751e8b465ee728b)  -> (artifact id: 'cf8f71d834253ffeda55af23f7144951') in 0.084872 seconds
  Import took 0.087111 seconds .

========================================================================
Received Prepare
Registering precompiled user dll's ...
Registered in 0.002216 seconds.
Begin MonoManager ReloadAssembly
Native extension for WindowsStandalone target not found
Refreshing native plugins compatible for Editor in 0.31 ms, found 2 plugins.
Preloading 0 native plugins for Editor in 0.00 ms.
Mono: successfully reloaded assembly
- Completed reload, in  0.820 seconds
Platform modules already initialized, skipping
Refreshing native plugins compatible for Editor in 0.29 ms, found 2 plugins.
Preloading 0 native plugins for Editor in 0.00 ms.
Unloading 1382 Unused Serialized files (Serialized files now loaded: 0)
System memory in use before: 68.6 MB.
System memory in use after: 68.6 MB.

Unloading 14 unused Assets to reduce memory usage. Loaded Objects now: 1884.
Total: 1.722400 ms (FindLiveObjects: 0.148800 ms CreateObjectMapping: 0.028500 ms MarkObjects: 1.492700 ms  DeleteObjects: 0.051900 ms)

========================================================================
Received Import Request.
  Time since last request: 32.582302 seconds.
  path: Assets/Materials/FloorMat.mat
  artifactKey: Guid(e8a370a7513d65f42916b77597cc33f7) Importer(815301076,1909f56bfc062723c751e8b465ee728b)
Start importing Assets/Materials/FloorMat.mat using Guid(e8a370a7513d65f42916b77597cc33f7) Importer(815301076,1909f56bfc062723c751e8b465ee728b)  -> (artifact id: '3a2721a60ca98378b63dfea90fc11ce1') in 0.045912 seconds
  Import took 0.048041 seconds .

========================================================================
Received Prepare
Registering precompiled user dll's ...
Registered in 0.002345 seconds.
Begin MonoManager ReloadAssembly
Native extension for WindowsStandalone target not found
Refreshing native plugins compatible for Editor in 0.32 ms, found 2 plugins.
Preloading 0 native plugins for Editor in 0.00 ms.
Mono: successfully reloaded assembly
- Completed reload, in  0.882 seconds
Platform modules already initialized, skipping
Refreshing native plugins compatible for Editor in 0.30 ms, found 2 plugins.
Preloading 0 native plugins for Editor in 0.00 ms.
Unloading 1382 Unused Serialized files (Serialized files now loaded: 0)
System memory in use before: 68.6 MB.
System memory in use after: 68.7 MB.

Unloading 14 unused Assets to reduce memory usage. Loaded Objects now: 1888.
Total: 1.846700 ms (FindLiveObjects: 0.164700 ms CreateObjectMapping: 0.030700 ms MarkObjects: 1.598500 ms  DeleteObjects: 0.051100 ms)

========================================================================
Received Import Request.
  Time since last request: 95.871552 seconds.
  path: Assets/Materials/FloorMat.mat
  artifactKey: Guid(e8a370a7513d65f42916b77597cc33f7) Importer(815301076,1909f56bfc062723c751e8b465ee728b)
Start importing Assets/Materials/FloorMat.mat using Guid(e8a370a7513d65f42916b77597cc33f7) Importer(815301076,1909f56bfc062723c751e8b465ee728b)  -> (artifact id: '88359c68c65e20b4e7527950247590c5') in 0.051631 seconds
  Import took 0.054028 seconds .

========================================================================
Received Import Request.
  Time since last request: 0.000181 seconds.
  path: Assets/Materials/PlayerMat.mat
  artifactKey: Guid(06b4f2c894bcc18418aab9f9cf7a5c3c) Importer(815301076,1909f56bfc062723c751e8b465ee728b)
Start importing Assets/Materials/PlayerMat.mat using Guid(06b4f2c894bcc18418aab9f9cf7a5c3c) Importer(815301076,1909f56bfc062723c751e8b465ee728b)  -> (artifact id: '4c679189ea099758c8573186cbc9c10f') in 0.009512 seconds
  Import took 0.011699 seconds .

